<?xml version="1.0" encoding="UTF-8"?>
<testsuite name="QueueTests" tests="1" skipped="0" failures="0" errors="0" timestamp="2022-08-18T06:31:31" hostname="IN01-77ZD0Z2" time="13.758">
  <properties/>
  <testcase name="Test1()" classname="QueueTests" time="13.758"/>
  <system-out><![CDATA[200010000
]]></system-out>
  <system-err><![CDATA[]]></system-err>
</testsuite>
